[debug] [2022-07-21T07:18:14.559Z] ----------------------------------------------------------------------
[debug] [2022-07-21T07:18:14.561Z] Command:       C:\Program Files\nodejs\node.exe C:\Users\damia\AppData\Roaming\npm\node_modules\firebase-tools\lib\bin\firebase.js init
[debug] [2022-07-21T07:18:14.561Z] CLI Version:   11.3.0
[debug] [2022-07-21T07:18:14.561Z] Platform:      win32
[debug] [2022-07-21T07:18:14.562Z] Node Version:  v18.4.0
[debug] [2022-07-21T07:18:14.562Z] Time:          Thu Jul 21 2022 09:18:14 GMT+0200 (czas środkowoeuropejski letni)
[debug] [2022-07-21T07:18:14.563Z] ----------------------------------------------------------------------
[debug] 
[debug] [2022-07-21T07:18:14.565Z] >>> [apiv2][query] GET https://firebase-public.firebaseio.com/cli.json [none]
[debug] [2022-07-21T07:18:14.626Z] > command requires scopes: ["email","openid","https://www.googleapis.com/auth/cloudplatformprojects.readonly","https://www.googleapis.com/auth/firebase","https://www.googleapis.com/auth/cloud-platform"]
[debug] [2022-07-21T07:18:14.626Z] > authorizing via signed-in user (damianhaq@gmail.com)
[info] 
     ######## #### ########  ######## ########     ###     ######  ########
     ##        ##  ##     ## ##       ##     ##  ##   ##  ##       ##
     ######    ##  ########  ######   ########  #########  ######  ######
     ##        ##  ##    ##  ##       ##     ## ##     ##       ## ##
     ##       #### ##     ## ######## ########  ##     ##  ######  ########

You're about to initialize a Firebase project in this directory:

  D:\Projekty z D\statystykowo

[debug] [2022-07-21T07:18:14.971Z] <<< [apiv2][status] GET https://firebase-public.firebaseio.com/cli.json 200
[debug] [2022-07-21T07:18:14.972Z] <<< [apiv2][body] GET https://firebase-public.firebaseio.com/cli.json {"cloudBuildErrorAfter":1594252800000,"cloudBuildWarnAfter":1590019200000,"defaultNode10After":1594252800000,"minVersion":"3.0.5","node8DeploysDisabledAfter":1613390400000,"node8RuntimeDisabledAfter":1615809600000,"node8WarnAfter":1600128000000}
